aarchup
alarm-clock
archiso-git
canto-curses
canto-daemon
cheser-icon-theme
codecs64
cower
cursetheweather
dansguardian
dmenu_mocp
downgrade
dtrx
efl-git
efl-git-debug
eggdrop
elementary-git
elementary-git-debug
elementary_test-git
elementary_test-git-debug
emotion_generic_players-git
emotion_generic_players-git-debug
enlightenment17-git
enlightenment17-git-debug
fslint
grake
hotshots
kde-servicemenus-meld-menu-extended
kdesudo
key-mon
nvidia-libgl-full-beta
nvidia-utils-full-beta
opencl-nvidia-full-beta
libqxt
libtiff4
logstalgia
lwks
mediadownloader
mod_evasive
mooOS-wallpapers
nast
ninvaders
nvidia-full-beta-all
nvidia-libgl-full-beta
nvidia-utils-full-beta
omg-suite
opencl-nvidia-full-beta
pacaur
pacserve
pbget
pcre-old
perl-clipboard
perl-umph-prompt
pkgcacheclean
pngcrush
preload
profile-sync-daemon
ps_mem
pulseaudio-mixer-cli-git
pulseaudio_ctl
pyradio-git
python2-certifi
python2-jsonschema
python2-pynzb
python2-pyrss2gen
python2-sqlalchemy-0.7.9
python2-tvrage
python2-xynehttpserver
python3-aur
python3-threaded_servers
python3-xynexdg
roccat-dkms
simplescreenrecorder
stardork
sublime-text-dev
tcplay
tcptraceroute
teamviewer
terminology
transcoder
ttf-envy-code-r
ttf-ms-fonts
ttf-stylebats
tty-clock-patched
update-mirrorlist
urxvt-font-size-git
vb-pdq
xboxdrv
xcursor-shere-khan-x
xflux
xpdf
yad
yeahconsole
youtube-viewer-git
zsh-completions
zsh-syntax-highlighting
