archey3
arm
cacheclean
cairo-compmgr-git
command-not-found
conky-lua
conkywx
cutycapt-svn
detox
dmenu-path-c
dmenu_mocp
dolphin-box-plugin-git
downgrade
dropbox
dropbox-cli
eggdrop
ffpoth
flashplugin-beta
flexget
fslint
gnome-connection-manager
google-image-downloader
grake
grub
hardened-cc
kdenlive-git
lib32-curl
lib32-google-breakpad-svn
lib32-libpng12
lib32-libtxc_dxtn
lib32-nspr
lib32-nss
libpng12
logstalgia
lua-cjson
lua-sqlite3
luainotify
luakit-git
mlt-git
montecarlo-font
mysqltcl
ncmpcpp-fftw
package-query
packer
packer-color
pacman-color
pacmanlog2gource
pkgbrowser
pyrss2gen
python2-certifi
python2-pynzb
python2-requests
python3-aur
python3-xynexdg
razor-qt
redshift-minimal
rxvt-unicode-patched
secure-delete
simpleswitcher-git
spacefm-git
steam
sublime-text-dev
syncbackup
systemd-ui-git
teamviewer
torsocks
transcoder
ttf-envy-code-r
ttf-ms-fonts
unigine-heaven
urxvt-perls-git
vala-git
vcp
vlc-ncurses
wicked-git
xcursor-arch-simple
yaourt
zsh-completions
zsh-packer
zsh-syntax-highlighting
