acpi
alsa-firmware
alsa-oss
alsa-plugins
alsa-utils
apache
arandr
arj
artwiz-fonts
autoconf
automake
awesome
baobab
bash-completion
binutils
bitlbee
bleachbit
blender
cairo
cclive
cdrdao
chromium
cmatrix
consolekit
devede
dialog
dmenu
dnsutils
dosfstools
dvd+rw-tools
elinks
epdfview
fakeroot
filezilla
firefox
flex
fontconfig
freetype2
fuseiso
gcc
gcolor2
gdb
git
gnome-disk-utility
gnome-icon-theme
gnome-themes-extras
gnome-themes-standard
gnunet-gtk
gpicview
gstreamer0.10-bad
gstreamer0.10-base-plugins
gstreamer0.10-good
gstreamer0.10-ugly
gtk-engines
hardinfo
hgsvn
hicolor-icon-theme
htop
k3b
kde-l10n-en_gb
kde-wallpapers
kdeaccessibility-jovie
kdebase-dolphin
kdebase-kdepasswd
kdebase-kdialog
kdebase-keditbookmarks
kdebase-kfind
kdebase-konsole
kdebase-plasma
kdegraphics-gwenview
kdegraphics-ksnapshot
kdemultimedia-ffmpegthumbs
kdeutils-ark
keepassx
konversation
lib32-intel-dri
lib32-libldap
lib32-libxft
lib32-mpg123
lib32-openal
libisoburn
libotr
libtool
libunique
libwebkit
libxft
liferea
luafilesystem
luasocket
lxappearance
lxtask
lzop
m4
make
mcomix
meld
memcached
memtest86+
mesa
mlocate
mpc
mpd
multitail
mumble
mysql
nethogs
network-manager-applet
networkmanager
nitrogen
ntfs-3g
ntfsprogs
ntp
openssh
parcellite
patch
perl-net-ssleay
phonon-vlc
php
php-apache
php-apc
php-gd
php-geoip
php-intl
php-mcrypt
php-memcache
php-memcached
php-pear
php-sqlite
phpmyadmin
pinta
pkg-config
pkgfile
pkgtools
polipo
preload
privoxy
profont
pyalpm
python-beautifulsoup4
python2-beautifulsoup4
rsync
ruby
screen
scrot
source-highlight
squashfs-tools
sudo
syslinux
systemd
tcpdump
terminus-font
tor
transmission-qt
truecrypt
unrar
unzip
upx
virtualbox
vlc
vnstat
weechat
wget
wireshark-cli
wmctrl
xbindkeys
xchat
xclip
xcursor-themes
xdotool
xf86-input-evdev
xf86-input-keyboard
xf86-input-mouse
xf86-input-synaptics
xf86-input-vmmouse
xf86-input-void
xf86-video-intel
xf86-video-vesa
xorg-server
xorg-server-utils
xorg-server-xephyr
xorg-utils
xorg-xinit
xorg-xkill
xterm
xvkbd
zenity
zip
